<?xml version="1.0" encoding="UTF-8"?>
<!-- Generated by org.testng.reporters.JUnitXMLReporter -->
<testsuite ignored="0" hostname="Sirisha" failures="0" tests="4" name="Test" time="27.284" errors="0" timestamp="2025-08-18T18:26:32 IST">
  <testcase classname="TestNG_programs.Lab8_1_TestNG" name="f" time="4.294"/>
  <testcase classname="TestNG_programs.Lab8_1_TestNG" name="f" time="4.349"/>
  <testcase classname="TestNG_programs.Lab8_2_TestNG" name="f" time="3.137"/>
  <testcase classname="TestNG_programs.Lab8_2_TestNG" name="f" time="3.206"/>
</testsuite> <!-- Test -->
