<?xml version="1.0" encoding="UTF-8"?>
<!-- Generated by org.testng.reporters.JUnitXMLReporter -->
<testsuite ignored="0" hostname="Sirisha" failures="0" tests="9" name="Test" time="116.23" errors="0" timestamp="2025-08-28T18:51:39 IST">
  <testcase classname="com.orangehrm.base.BaseTest" name="question1_google" time="3.08"/>
  <testcase classname="com.orangehrm.base.BaseTest" name="question2" time="6.879"/>
  <testcase classname="com.orangehrm.base.BaseTest" name="question3_amazonSearchUS" time="26.259"/>
  <testcase classname="com.orangehrm.base.BaseTest" name="question4_handleDropdown" time="3.3"/>
  <testcase classname="com.orangehrm.base.BaseTest" name="question5_handleAlertPopup" time="5.749"/>
  <testcase classname="com.orangehrm.base.BaseTest" name="question6_handleCheckbox" time="6.032"/>
  <testcase classname="com.orangehrm.base.BaseTest" name="question7_webTableData" time="5.78"/>
  <testcase classname="com.orangehrm.base.BaseTest" name="question8_multipleWindows" time="6.272"/>
  <testcase classname="com.orangehrm.base.BaseTest" name="question9_screenshotCapture" time="1.778"/>
</testsuite> <!-- Test -->
