<?xml version="1.0" encoding="UTF-8"?>
<testng-results ignored="0" total="2" passed="2" failed="0" skipped="0">
  <reporter-output>
  </reporter-output>
  <suite started-at="2025-08-23T17:16:58 IST" name="Suite" finished-at="2025-08-23T17:17:15 IST" duration-ms="17251">
    <groups>
    </groups>
    <test started-at="2025-08-23T17:16:58 IST" name="Test1" finished-at="2025-08-23T17:17:15 IST" duration-ms="17251">
      <class name="com.orangehrm.tests.LoginOrangeHRM">
        <test-method is-config="true" signature="setupReport()[pri:0, instance:com.orangehrm.tests.LoginOrangeHRM@3c46e67a]" started-at="2025-08-23T17:16:58 IST" name="setupReport" finished-at="2025-08-23T17:16:58 IST" duration-ms="378" status="PASS">
          <reporter-output>
          </reporter-output>
        </test-method> <!-- setupReport -->
        <test-method is-config="true" signature="setup()[pri:0, instance:com.orangehrm.tests.LoginOrangeHRM@3c46e67a]" started-at="2025-08-23T17:16:59 IST" name="setup" finished-at="2025-08-23T17:17:06 IST" duration-ms="7210" status="PASS">
          <reporter-output>
          </reporter-output>
        </test-method> <!-- setup -->
        <test-method signature="loginTest(java.lang.String,java.lang.String)[pri:0, instance:com.orangehrm.tests.LoginOrangeHRM@3c46e67a]" started-at="2025-08-23T17:17:06 IST" name="loginTest" data-provider="loginData" finished-at="2025-08-23T17:17:09 IST" duration-ms="2380" status="PASS">
          <params>
            <param index="0">
              <value>
                <![CDATA[hema]]>
              </value>
            </param>
            <param index="1">
              <value>
                <![CDATA[welcome]]>
              </value>
            </param>
          </params>
          <reporter-output>
          </reporter-output>
        </test-method> <!-- loginTest -->
        <test-method is-config="true" signature="teardown()[pri:0, instance:com.orangehrm.tests.LoginOrangeHRM@3c46e67a]" started-at="2025-08-23T17:17:09 IST" name="teardown" finished-at="2025-08-23T17:17:09 IST" duration-ms="206" status="PASS">
          <reporter-output>
          </reporter-output>
        </test-method> <!-- teardown -->
        <test-method is-config="true" signature="setup()[pri:0, instance:com.orangehrm.tests.LoginOrangeHRM@3c46e67a]" started-at="2025-08-23T17:17:09 IST" name="setup" finished-at="2025-08-23T17:17:13 IST" duration-ms="4153" status="PASS">
          <reporter-output>
          </reporter-output>
        </test-method> <!-- setup -->
        <test-method signature="loginTest(java.lang.String,java.lang.String)[pri:0, instance:com.orangehrm.tests.LoginOrangeHRM@3c46e67a]" started-at="2025-08-23T17:17:13 IST" name="loginTest" data-provider="loginData" finished-at="2025-08-23T17:17:15 IST" duration-ms="1865" status="PASS">
          <params>
            <param index="0">
              <value>
                <![CDATA[geeta]]>
              </value>
            </param>
            <param index="1">
              <value>
                <![CDATA[apple]]>
              </value>
            </param>
          </params>
          <reporter-output>
          </reporter-output>
        </test-method> <!-- loginTest -->
        <test-method is-config="true" signature="teardown()[pri:0, instance:com.orangehrm.tests.LoginOrangeHRM@3c46e67a]" started-at="2025-08-23T17:17:15 IST" name="teardown" finished-at="2025-08-23T17:17:15 IST" duration-ms="270" status="PASS">
          <reporter-output>
          </reporter-output>
        </test-method> <!-- teardown -->
        <test-method is-config="true" signature="flushReport()[pri:0, instance:com.orangehrm.tests.LoginOrangeHRM@3c46e67a]" started-at="2025-08-23T17:17:15 IST" name="flushReport" finished-at="2025-08-23T17:17:16 IST" duration-ms="520" status="PASS">
          <reporter-output>
          </reporter-output>
        </test-method> <!-- flushReport -->
      </class> <!-- com.orangehrm.tests.LoginOrangeHRM -->
    </test> <!-- Test1 -->
  </suite> <!-- Suite -->
</testng-results>
