<?xml version="1.0" encoding="UTF-8"?>
<testng-results ignored="0" total="9" passed="9" failed="0" skipped="0">
  <reporter-output>
  </reporter-output>
  <suite started-at="2025-08-28T18:49:43 IST" name="Suite" finished-at="2025-08-28T18:51:39 IST" duration-ms="116230">
    <groups>
    </groups>
    <test started-at="2025-08-28T18:49:43 IST" name="Test" finished-at="2025-08-28T18:51:39 IST" duration-ms="116230">
      <class name="com.orangehrm.base.BaseTest">
        <test-method is-config="true" signature="setupReport()[pri:0, instance:com.orangehrm.base.BaseTest@399c4be1]" started-at="2025-08-28T18:49:42 IST" name="setupReport" finished-at="2025-08-28T18:49:43 IST" duration-ms="339" status="PASS">
          <reporter-output>
          </reporter-output>
        </test-method> <!-- setupReport -->
        <test-method is-config="true" signature="setup()[pri:0, instance:com.orangehrm.base.BaseTest@399c4be1]" started-at="2025-08-28T18:49:43 IST" name="setup" finished-at="2025-08-28T18:49:51 IST" duration-ms="7913" status="PASS">
          <reporter-output>
          </reporter-output>
        </test-method> <!-- setup -->
        <test-method signature="question1_google()[pri:0, instance:com.orangehrm.base.BaseTest@399c4be1]" started-at="2025-08-28T18:49:51 IST" name="question1_google" finished-at="2025-08-28T18:49:54 IST" duration-ms="3080" status="PASS">
          <reporter-output>
          </reporter-output>
        </test-method> <!-- question1_google -->
        <test-method is-config="true" signature="teardown()[pri:0, instance:com.orangehrm.base.BaseTest@399c4be1]" started-at="2025-08-28T18:49:54 IST" name="teardown" finished-at="2025-08-28T18:49:54 IST" duration-ms="257" status="PASS">
          <reporter-output>
          </reporter-output>
        </test-method> <!-- teardown -->
        <test-method is-config="true" signature="setup()[pri:0, instance:com.orangehrm.base.BaseTest@399c4be1]" started-at="2025-08-28T18:49:54 IST" name="setup" finished-at="2025-08-28T18:49:59 IST" duration-ms="5274" status="PASS">
          <reporter-output>
          </reporter-output>
        </test-method> <!-- setup -->
        <test-method signature="question2()[pri:0, instance:com.orangehrm.base.BaseTest@399c4be1]" started-at="2025-08-28T18:49:59 IST" name="question2" finished-at="2025-08-28T18:50:06 IST" duration-ms="6879" status="PASS">
          <reporter-output>
          </reporter-output>
        </test-method> <!-- question2 -->
        <test-method is-config="true" signature="teardown()[pri:0, instance:com.orangehrm.base.BaseTest@399c4be1]" started-at="2025-08-28T18:50:06 IST" name="teardown" finished-at="2025-08-28T18:50:06 IST" duration-ms="211" status="PASS">
          <reporter-output>
          </reporter-output>
        </test-method> <!-- teardown -->
        <test-method is-config="true" signature="setup()[pri:0, instance:com.orangehrm.base.BaseTest@399c4be1]" started-at="2025-08-28T18:50:06 IST" name="setup" finished-at="2025-08-28T18:50:11 IST" duration-ms="4615" status="PASS">
          <reporter-output>
          </reporter-output>
        </test-method> <!-- setup -->
        <test-method signature="question3_amazonSearchUS()[pri:0, instance:com.orangehrm.base.BaseTest@399c4be1]" started-at="2025-08-28T18:50:11 IST" name="question3_amazonSearchUS" finished-at="2025-08-28T18:50:37 IST" duration-ms="26259" status="PASS">
          <reporter-output>
          </reporter-output>
        </test-method> <!-- question3_amazonSearchUS -->
        <test-method is-config="true" signature="teardown()[pri:0, instance:com.orangehrm.base.BaseTest@399c4be1]" started-at="2025-08-28T18:50:37 IST" name="teardown" finished-at="2025-08-28T18:50:38 IST" duration-ms="326" status="PASS">
          <reporter-output>
          </reporter-output>
        </test-method> <!-- teardown -->
        <test-method is-config="true" signature="setup()[pri:0, instance:com.orangehrm.base.BaseTest@399c4be1]" started-at="2025-08-28T18:50:38 IST" name="setup" finished-at="2025-08-28T18:50:42 IST" duration-ms="4389" status="PASS">
          <reporter-output>
          </reporter-output>
        </test-method> <!-- setup -->
        <test-method signature="question4_handleDropdown()[pri:0, instance:com.orangehrm.base.BaseTest@399c4be1]" started-at="2025-08-28T18:50:42 IST" name="question4_handleDropdown" finished-at="2025-08-28T18:50:45 IST" duration-ms="3300" status="PASS">
          <reporter-output>
          </reporter-output>
        </test-method> <!-- question4_handleDropdown -->
        <test-method is-config="true" signature="teardown()[pri:0, instance:com.orangehrm.base.BaseTest@399c4be1]" started-at="2025-08-28T18:50:45 IST" name="teardown" finished-at="2025-08-28T18:50:46 IST" duration-ms="200" status="PASS">
          <reporter-output>
          </reporter-output>
        </test-method> <!-- teardown -->
        <test-method is-config="true" signature="setup()[pri:0, instance:com.orangehrm.base.BaseTest@399c4be1]" started-at="2025-08-28T18:50:46 IST" name="setup" finished-at="2025-08-28T18:50:50 IST" duration-ms="4641" status="PASS">
          <reporter-output>
          </reporter-output>
        </test-method> <!-- setup -->
        <test-method signature="question5_handleAlertPopup()[pri:0, instance:com.orangehrm.base.BaseTest@399c4be1]" started-at="2025-08-28T18:50:50 IST" name="question5_handleAlertPopup" finished-at="2025-08-28T18:50:56 IST" duration-ms="5749" status="PASS">
          <reporter-output>
          </reporter-output>
        </test-method> <!-- question5_handleAlertPopup -->
        <test-method is-config="true" signature="teardown()[pri:0, instance:com.orangehrm.base.BaseTest@399c4be1]" started-at="2025-08-28T18:50:56 IST" name="teardown" finished-at="2025-08-28T18:50:56 IST" duration-ms="220" status="PASS">
          <reporter-output>
          </reporter-output>
        </test-method> <!-- teardown -->
        <test-method is-config="true" signature="setup()[pri:0, instance:com.orangehrm.base.BaseTest@399c4be1]" started-at="2025-08-28T18:50:56 IST" name="setup" finished-at="2025-08-28T18:51:01 IST" duration-ms="4951" status="PASS">
          <reporter-output>
          </reporter-output>
        </test-method> <!-- setup -->
        <test-method signature="question6_handleCheckbox()[pri:0, instance:com.orangehrm.base.BaseTest@399c4be1]" started-at="2025-08-28T18:51:01 IST" name="question6_handleCheckbox" finished-at="2025-08-28T18:51:07 IST" duration-ms="6032" status="PASS">
          <reporter-output>
          </reporter-output>
        </test-method> <!-- question6_handleCheckbox -->
        <test-method is-config="true" signature="teardown()[pri:0, instance:com.orangehrm.base.BaseTest@399c4be1]" started-at="2025-08-28T18:51:07 IST" name="teardown" finished-at="2025-08-28T18:51:08 IST" duration-ms="363" status="PASS">
          <reporter-output>
          </reporter-output>
        </test-method> <!-- teardown -->
        <test-method is-config="true" signature="setup()[pri:0, instance:com.orangehrm.base.BaseTest@399c4be1]" started-at="2025-08-28T18:51:08 IST" name="setup" finished-at="2025-08-28T18:51:13 IST" duration-ms="5719" status="PASS">
          <reporter-output>
          </reporter-output>
        </test-method> <!-- setup -->
        <test-method signature="question7_webTableData()[pri:0, instance:com.orangehrm.base.BaseTest@399c4be1]" started-at="2025-08-28T18:51:13 IST" name="question7_webTableData" finished-at="2025-08-28T18:51:19 IST" duration-ms="5780" status="PASS">
          <reporter-output>
          </reporter-output>
        </test-method> <!-- question7_webTableData -->
        <test-method is-config="true" signature="teardown()[pri:0, instance:com.orangehrm.base.BaseTest@399c4be1]" started-at="2025-08-28T18:51:19 IST" name="teardown" finished-at="2025-08-28T18:51:19 IST" duration-ms="250" status="PASS">
          <reporter-output>
          </reporter-output>
        </test-method> <!-- teardown -->
        <test-method is-config="true" signature="setup()[pri:0, instance:com.orangehrm.base.BaseTest@399c4be1]" started-at="2025-08-28T18:51:19 IST" name="setup" finished-at="2025-08-28T18:51:25 IST" duration-ms="5224" status="PASS">
          <reporter-output>
          </reporter-output>
        </test-method> <!-- setup -->
        <test-method signature="question8_multipleWindows()[pri:0, instance:com.orangehrm.base.BaseTest@399c4be1]" started-at="2025-08-28T18:51:25 IST" name="question8_multipleWindows" finished-at="2025-08-28T18:51:31 IST" duration-ms="6272" status="PASS">
          <reporter-output>
          </reporter-output>
        </test-method> <!-- question8_multipleWindows -->
        <test-method is-config="true" signature="teardown()[pri:0, instance:com.orangehrm.base.BaseTest@399c4be1]" started-at="2025-08-28T18:51:31 IST" name="teardown" finished-at="2025-08-28T18:51:31 IST" duration-ms="235" status="PASS">
          <reporter-output>
          </reporter-output>
        </test-method> <!-- teardown -->
        <test-method is-config="true" signature="setup()[pri:0, instance:com.orangehrm.base.BaseTest@399c4be1]" started-at="2025-08-28T18:51:31 IST" name="setup" finished-at="2025-08-28T18:51:37 IST" duration-ms="6005" status="PASS">
          <reporter-output>
          </reporter-output>
        </test-method> <!-- setup -->
        <test-method signature="question9_screenshotCapture()[pri:0, instance:com.orangehrm.base.BaseTest@399c4be1]" started-at="2025-08-28T18:51:37 IST" name="question9_screenshotCapture" finished-at="2025-08-28T18:51:39 IST" duration-ms="1778" status="PASS">
          <reporter-output>
          </reporter-output>
        </test-method> <!-- question9_screenshotCapture -->
        <test-method is-config="true" signature="teardown()[pri:0, instance:com.orangehrm.base.BaseTest@399c4be1]" started-at="2025-08-28T18:51:39 IST" name="teardown" finished-at="2025-08-28T18:51:39 IST" duration-ms="237" status="PASS">
          <reporter-output>
          </reporter-output>
        </test-method> <!-- teardown -->
        <test-method is-config="true" signature="flushReport()[pri:0, instance:com.orangehrm.base.BaseTest@399c4be1]" started-at="2025-08-28T18:51:39 IST" name="flushReport" finished-at="2025-08-28T18:51:40 IST" duration-ms="653" status="PASS">
          <reporter-output>
          </reporter-output>
        </test-method> <!-- flushReport -->
      </class> <!-- com.orangehrm.base.BaseTest -->
    </test> <!-- Test -->
  </suite> <!-- Suite -->
</testng-results>
